{
  "RSpec": {
    "coverage": {
      "/Users/mikeholford/Documents/Code/gifti/config/environment.rb": [
        null,
        1,
        null,
        null,
        1
      ],
      "/Users/mikeholford/Documents/Code/gifti/config/application.rb": [
        1,
        null,
        1,
        null,
        null,
        null,
        1,
        null,
        1,
        1,
        null,
        1,
        null,
        1,
        null,
        1,
        null,
        1,
        1,
        null,
        null,
        null,
        null,
        null,
        null,
        null,
        null,
        1,
        1,
        1,
        0,
        0,
        0,
        null,
        null,
        null,
        null,
        null,
        null
      ],
      "/Users/mikeholford/Documents/Code/gifti/config/boot.rb": [
        1,
        null,
        1,
        1
      ],
      "/Users/mikeholford/Documents/Code/gifti/config/environments/test.rb": [
        1,
        null,
        null,
        null,
        null,
        null,
        null,
        1,
        null,
        null,
        null,
        null,
        1,
        null,
        null,
        1,
        1,
        null,
        null,
        null,
        null,
        1,
        1,
        null,
        null,
        1,
        null,
        null,
        1,
        null,
        null,
        1,
        null,
        1,
        null,
        null,
        null,
        null,
        1,
        null,
        1,
        null,
        null,
        1,
        null,
        null,
        null,
        null
      ],
      "/Users/mikeholford/Documents/Code/gifti/config/initializers/application_controller_renderer.rb": [
        null,
        null,
        null,
        null,
        null,
        null,
        null,
        null
      ],
      "/Users/mikeholford/Documents/Code/gifti/config/initializers/assets.rb": [
        null,
        null,
        null,
        1,
        null,
        null,
        null,
        null,
        1,
        null,
        null,
        1,
        null,
        null,
        null,
        null,
        null
      ],
      "/Users/mikeholford/Documents/Code/gifti/config/initializers/backtrace_silencers.rb": [
        null,
        null,
        null,
        null,
        null,
        null,
        null
      ],
      "/Users/mikeholford/Documents/Code/gifti/config/initializers/content_security_policy.rb": [
        null,
        null,
        null,
        null,
        null,
        null,
        null,
        null,
        null,
        null,
        null,
        null,
        null,
        null,
        null,
        null,
        null,
        null,
        null,
        null,
        null,
        null,
        null,
        null,
        null
      ],
      "/Users/mikeholford/Documents/Code/gifti/config/initializers/cookies_serializer.rb": [
        null,
        null,
        null,
        null,
        1
      ],
      "/Users/mikeholford/Documents/Code/gifti/config/initializers/devise.rb": [
        null,
        null,
        null,
        null,
        1,
        null,
        null,
        null,
        null,
        null,
        null,
        null,
        null,
        null,
        null,
        null,
        null,
        null,
        null,
        null,
        1,
        null,
        null,
        null,
        null,
        null,
        null,
        null,
        null,
        null,
        null,
        null,
        1,
        null,
        null,
        null,
        null,
        null,
        null,
        null,
        null,
        null,
        null,
        null,
        null,
        null,
        null,
        null,
        null,
        null,
        null,
        null,
        null,
        null,
        1,
        null,
        null,
        null,
        null,
        1,
        null,
        null,
        null,
        null,
        null,
        null,
        null,
        null,
        null,
        null,
        null,
        null,
        null,
        null,
        null,
        null,
        null,
        null,
        null,
        null,
        null,
        null,
        null,
        null,
        null,
        null,
        null,
        null,
        null,
        null,
        1,
        null,
        null,
        null,
        null,
        null,
        null,
        null,
        null,
        null,
        null,
        null,
        null,
        null,
        null,
        null,
        null,
        null,
        null,
        null,
        null,
        null,
        null,
        1,
        null,
        null,
        null,
        null,
        null,
        null,
        null,
        null,
        null,
        null,
        null,
        null,
        null,
        null,
        null,
        null,
        1,
        null,
        null,
        null,
        null,
        null,
        null,
        null,
        null,
        null,
        null,
        null,
        null,
        null,
        1,
        null,
        null,
        null,
        null,
        null,
        null,
        null,
        null,
        null,
        1,
        null,
        null,
        null,
        null,
        null,
        null,
        null,
        null,
        null,
        null,
        1,
        null,
        null,
        null,
        null,
        1,
        null,
        null,
        null,
        null,
        null,
        null,
        null,
        null,
        null,
        null,
        null,
        null,
        null,
        null,
        null,
        null,
        null,
        null,
        null,
        null,
        null,
        null,
        null,
        null,
        null,
        null,
        null,
        null,
        null,
        null,
        null,
        null,
        null,
        null,
        null,
        null,
        null,
        null,
        null,
        null,
        1,
        null,
        null,
        null,
        null,
        null,
        null,
        null,
        null,
        null,
        null,
        null,
        null,
        null,
        null,
        null,
        null,
        null,
        null,
        null,
        null,
        null,
        null,
        null,
        null,
        null,
        null,
        null,
        null,
        null,
        null,
        null,
        null,
        null,
        null,
        null,
        null,
        null,
        null,
        null,
        null,
        null,
        1,
        null,
        null,
        null,
        null,
        null,
        null,
        null,
        null,
        null,
        null,
        null,
        null,
        null,
        null,
        null,
        null,
        null,
        null,
        null,
        null,
        null,
        null,
        null,
        null,
        null,
        null,
        null,
        null,
        null,
        null,
        null,
        null,
        null,
        null,
        null,
        null
      ],
      "/Users/mikeholford/Documents/Code/gifti/config/initializers/filter_parameter_logging.rb": [
        null,
        null,
        null,
        1
      ],
      "/Users/mikeholford/Documents/Code/gifti/config/initializers/inflections.rb": [
        null,
        null,
        null,
        null,
        null,
        null,
        null,
        null,
        null,
        null,
        null,
        null,
        null,
        null,
        null,
        null
      ],
      "/Users/mikeholford/Documents/Code/gifti/config/initializers/mime_types.rb": [
        null,
        null,
        null,
        null
      ],
      "/Users/mikeholford/Documents/Code/gifti/config/initializers/validates_timeliness.rb": [
        1,
        null,
        1,
        null,
        null,
        null,
        null,
        null,
        null,
        null,
        null,
        null,
        null,
        null,
        null,
        null,
        null,
        null,
        null,
        null,
        null,
        null,
        null,
        null,
        null,
        null,
        null,
        null,
        null,
        null,
        null,
        null,
        null,
        null,
        null,
        null,
        null,
        null,
        null,
        null
      ],
      "/Users/mikeholford/Documents/Code/gifti/config/initializers/wrap_parameters.rb": [
        null,
        null,
        null,
        null,
        null,
        null,
        1,
        2,
        null,
        null,
        null,
        null,
        null,
        null
      ],
      "/Users/mikeholford/Documents/Code/gifti/config/routes.rb": [
        1,
        null,
        1,
        null,
        1,
        1,
        null,
        null,
        1,
        1,
        1,
        null,
        1,
        null,
        1,
        1,
        1,
        null,
        1,
        null,
        1,
        null
      ],
      "/Users/mikeholford/Documents/Code/gifti/app/models/user.rb": [
        1,
        null,
        null,
        1,
        null,
        null,
        1,
        1,
        null,
        1,
        1,
        null,
        1,
        4,
        null,
        null,
        1,
        4,
        4,
        4,
        4,
        null,
        null,
        null,
        1,
        0,
        null,
        null,
        1,
        null,
        1,
        16,
        null,
        null
      ],
      "/Users/mikeholford/Documents/Code/gifti/app/models/application_record.rb": [
        1,
        1,
        null
      ],
      "/Users/mikeholford/Documents/Code/gifti/app/api/base.rb": [
        1,
        1,
        1,
        null,
        null
      ],
      "/Users/mikeholford/Documents/Code/gifti/app/api/v1/base.rb": [
        1,
        1,
        1,
        1,
        1,
        null,
        null,
        null
      ],
      "/Users/mikeholford/Documents/Code/gifti/app/api/v1/templates.rb": [
        1,
        1,
        1,
        1,
        null,
        1,
        null,
        3,
        3,
        0,
        0,
        null,
        0,
        null,
        null,
        3,
        null,
        null,
        null,
        3,
        2,
        2,
        null,
        2,
        null,
        null,
        null,
        null,
        null
      ],
      "/Users/mikeholford/Documents/Code/gifti/app/api/v1/defaults.rb": [
        1,
        1,
        1,
        1,
        null,
        1,
        2,
        2,
        2,
        2,
        2,
        null,
        2,
        6,
        0,
        null,
        null,
        6,
        0,
        null,
        null,
        6,
        2,
        null,
        null,
        6,
        2,
        2,
        null,
        null,
        6,
        2,
        2,
        2,
        null,
        null,
        6,
        2,
        0,
        null,
        2,
        null,
        null,
        null,
        null,
        null,
        2,
        2,
        2,
        2,
        0,
        2,
        0,
        null,
        null,
        null,
        null,
        2,
        1,
        null,
        null,
        2,
        0,
        null,
        null,
        null,
        null,
        null
      ],
      "/Users/mikeholford/Documents/Code/gifti/app/api/v1/vouchers.rb": [
        1,
        1,
        1,
        1,
        null,
        1,
        null,
        3,
        3,
        3,
        3,
        3,
        3,
        null,
        null,
        3,
        0,
        0,
        null,
        0,
        null,
        0,
        null,
        null,
        null,
        null,
        null,
        null,
        null,
        null,
        null,
        null,
        null,
        null,
        0,
        null,
        null,
        null,
        null,
        null,
        null,
        null,
        null,
        null,
        null,
        null,
        null,
        0,
        null,
        null,
        3,
        3,
        3,
        3,
        3,
        null,
        null,
        3,
        0,
        0,
        null,
        0,
        null,
        0,
        null,
        null,
        null,
        null,
        null,
        null,
        0,
        null,
        null,
        null,
        null,
        0,
        null,
        null,
        null,
        null,
        null,
        null
      ],
      "/Users/mikeholford/Documents/Code/gifti/app/helpers/api_accesses_helper.rb": [
        1,
        null
      ],
      "/Users/mikeholford/Documents/Code/gifti/app/helpers/application_helper.rb": [
        1,
        1,
        0,
        0,
        0,
        0,
        0,
        0,
        null,
        0,
        null,
        null
      ],
      "/Users/mikeholford/Documents/Code/gifti/app/helpers/designs_helper.rb": [
        1,
        null
      ],
      "/Users/mikeholford/Documents/Code/gifti/app/helpers/statics_helper.rb": [
        1,
        null
      ],
      "/Users/mikeholford/Documents/Code/gifti/app/helpers/vouchers_helper.rb": [
        1,
        null
      ],
      "/Users/mikeholford/Documents/Code/gifti/spec/controllers/api_accesses_controller_spec.rb": [
        1,
        null,
        1,
        null,
        null
      ],
      "/Users/mikeholford/Documents/Code/gifti/app/controllers/api_accesses_controller.rb": [
        1,
        null,
        null,
        1,
        null,
        1,
        0,
        null,
        null,
        1,
        null,
        null,
        null,
        null,
        null,
        null,
        null,
        null,
        null,
        null,
        null,
        null,
        null,
        null,
        null,
        null,
        null,
        null,
        null,
        null,
        null,
        null,
        null,
        null,
        null,
        null,
        null,
        null,
        null,
        null,
        null,
        null,
        null,
        null,
        null,
        null,
        null,
        null,
        null,
        null,
        null,
        null,
        null,
        null,
        null,
        null,
        null,
        null,
        null,
        null,
        null,
        null,
        1,
        0,
        0,
        0,
        0,
        null,
        0,
        null,
        null,
        null,
        null,
        null,
        null,
        null,
        null,
        null,
        null,
        null,
        null,
        null,
        null,
        null,
        null,
        null,
        null,
        null,
        null,
        null,
        null,
        null,
        null,
        null,
        null,
        null,
        null,
        null,
        null,
        null,
        null,
        null,
        null,
        null,
        1,
        null,
        null,
        null,
        null,
        null,
        null,
        null,
        1,
        0,
        null,
        null,
        null
      ],
      "/Users/mikeholford/Documents/Code/gifti/app/controllers/application_controller.rb": [
        1,
        null
      ],
      "/Users/mikeholford/Documents/Code/gifti/spec/helpers/api_accesses_helper_spec.rb": [
        1,
        null,
        null,
        null,
        null,
        null,
        null,
        null,
        null,
        null,
        null,
        null,
        1,
        1,
        null
      ],
      "/Users/mikeholford/Documents/Code/gifti/spec/models/api_access_spec.rb": [
        1,
        null,
        1,
        1,
        null
      ],
      "/Users/mikeholford/Documents/Code/gifti/app/models/api_access.rb": [
        1,
        1,
        1,
        null,
        1,
        null,
        1,
        1,
        1,
        null,
        1,
        2,
        null,
        null
      ],
      "/Users/mikeholford/Documents/Code/gifti/spec/models/api_request_spec.rb": [
        1,
        null,
        1,
        1,
        null
      ],
      "/Users/mikeholford/Documents/Code/gifti/app/models/api_request.rb": [
        1,
        1,
        null
      ],
      "/Users/mikeholford/Documents/Code/gifti/spec/models/user_spec.rb": [
        1,
        null,
        1,
        1,
        null,
        1,
        1,
        null,
        null,
        1,
        1,
        null,
        null,
        null,
        null
      ],
      "/Users/mikeholford/Documents/Code/gifti/spec/models/voucher_spec.rb": [
        1,
        null,
        1,
        null,
        1,
        null,
        1,
        1,
        1,
        1,
        1,
        null,
        null,
        null,
        null,
        null,
        1,
        null,
        null,
        1,
        1,
        null,
        null,
        null,
        null,
        null
      ],
      "/Users/mikeholford/Documents/Code/gifti/app/models/voucher.rb": [
        1,
        1,
        1,
        null,
        1,
        1,
        null,
        1,
        1,
        1,
        1,
        1,
        null,
        null,
        null,
        1,
        1,
        null,
        null,
        1,
        1,
        null,
        null,
        null,
        null,
        1,
        null,
        null,
        null
      ],
      "/Users/mikeholford/Documents/Code/gifti/spec/views/api/documentation.html.erb_spec.rb": [
        1,
        null,
        1,
        1,
        null
      ],
      "/Users/mikeholford/Documents/Code/gifti/spec/views/api/new.html.erb_spec.rb": [
        1,
        null,
        1,
        1,
        null
      ],
      "/Users/mikeholford/Documents/Code/gifti/app/models/design.rb": [
        1,
        1,
        null
      ],
      "/Users/mikeholford/Documents/Code/gifti/app/serializers/design_serializer.rb": [
        1,
        null,
        1,
        null,
        null
      ],
      "/Users/mikeholford/Documents/Code/gifti/app/services/screenshot.rb": [
        1,
        1,
        null,
        1,
        1,
        1,
        1,
        1,
        4,
        1,
        null,
        null,
        1,
        1,
        null,
        null
      ]
    },
    "timestamp": 1548706965
  }
}
